<?xml version="1.0" encoding="UTF-8"?>
<!-- Generated by org.testng.reporters.JUnitReportReporter -->
<testsuite skipped="0" hostname="admins-MBP.attlocal.net" name="hw13selenium.Selenium_methods" tests="1" failures="0" timestamp="2022-01-11T22:47:50 EST" time="0.829" errors="0">
  <testcase name="searhFieldTest" time="0.829" classname="hw13selenium.Selenium_methods"/>
  <system-out/>
</testsuite> <!-- hw13selenium.Selenium_methods -->
